  Andy.cpp
C:\Users\a8542\Desktop\KGA_TEAM_4\Andy.cpp(173,30): warning C4244: '인수': 'FLOAT'에서 'int'(으)로 변환하면서 데이터가 손실될 수 있습니다.
C:\Users\a8542\Desktop\KGA_TEAM_4\Andy.cpp(173,23): warning C4244: '인수': 'FLOAT'에서 'int'(으)로 변환하면서 데이터가 손실될 수 있습니다.
C:\Users\a8542\Desktop\KGA_TEAM_4\Andy.cpp(178,34): warning C4244: '인수': 'FLOAT'에서 'int'(으)로 변환하면서 데이터가 손실될 수 있습니다.
C:\Users\a8542\Desktop\KGA_TEAM_4\Andy.cpp(178,26): warning C4244: '인수': 'FLOAT'에서 'int'(으)로 변환하면서 데이터가 손실될 수 있습니다.
C:\Users\a8542\Desktop\KGA_TEAM_4\Andy.cpp(183,10): warning C4244: '인수': 'FLOAT'에서 'int'(으)로 변환하면서 데이터가 손실될 수 있습니다.
C:\Users\a8542\Desktop\KGA_TEAM_4\Andy.cpp(182,72): warning C4244: '인수': 'FLOAT'에서 'int'(으)로 변환하면서 데이터가 손실될 수 있습니다.
C:\Users\a8542\Desktop\KGA_TEAM_4\Andy.cpp(189,35): warning C4244: '인수': 'FLOAT'에서 'int'(으)로 변환하면서 데이터가 손실될 수 있습니다.
C:\Users\a8542\Desktop\KGA_TEAM_4\Andy.cpp(189,27): warning C4244: '인수': 'FLOAT'에서 'int'(으)로 변환하면서 데이터가 손실될 수 있습니다.
  MainGame.cpp
  Terry.cpp
C:\Users\a8542\Desktop\KGA_TEAM_4\Terry.cpp(170,30): warning C4244: '인수': 'FLOAT'에서 'int'(으)로 변환하면서 데이터가 손실될 수 있습니다.
C:\Users\a8542\Desktop\KGA_TEAM_4\Terry.cpp(170,23): warning C4244: '인수': 'FLOAT'에서 'int'(으)로 변환하면서 데이터가 손실될 수 있습니다.
C:\Users\a8542\Desktop\KGA_TEAM_4\Terry.cpp(174,34): warning C4244: '인수': 'FLOAT'에서 'int'(으)로 변환하면서 데이터가 손실될 수 있습니다.
C:\Users\a8542\Desktop\KGA_TEAM_4\Terry.cpp(174,26): warning C4244: '인수': 'FLOAT'에서 'int'(으)로 변환하면서 데이터가 손실될 수 있습니다.
C:\Users\a8542\Desktop\KGA_TEAM_4\Terry.cpp(179,10): warning C4244: '인수': 'FLOAT'에서 'int'(으)로 변환하면서 데이터가 손실될 수 있습니다.
C:\Users\a8542\Desktop\KGA_TEAM_4\Terry.cpp(178,72): warning C4244: '인수': 'FLOAT'에서 'int'(으)로 변환하면서 데이터가 손실될 수 있습니다.
C:\Users\a8542\Desktop\KGA_TEAM_4\Terry.cpp(183,43): warning C4244: '인수': 'FLOAT'에서 'int'(으)로 변환하면서 데이터가 손실될 수 있습니다.
C:\Users\a8542\Desktop\KGA_TEAM_4\Terry.cpp(183,32): warning C4244: '인수': 'double'에서 'int'(으)로 변환하면서 데이터가 손실될 수 있습니다.
C:\Users\a8542\Desktop\KGA_TEAM_4\Terry.cpp(189,35): warning C4244: '인수': 'FLOAT'에서 'int'(으)로 변환하면서 데이터가 손실될 수 있습니다.
C:\Users\a8542\Desktop\KGA_TEAM_4\Terry.cpp(189,27): warning C4244: '인수': 'FLOAT'에서 'int'(으)로 변환하면서 데이터가 손실될 수 있습니다.
  코드를 생성하고 있습니다...
  210830_WinMain.vcxproj -> C:\Users\a8542\Desktop\KGA_TEAM_4\x64\Debug\210830_WinMain.exe
